Arguments: 
  C:\Program Files\nodejs\node.exe C:\Users\tobiy\AppData\Roaming\npm\node_modules\yarn\bin\yarn.js add gatsby-source-filesystem gatsby-transformer-json gatsby-plugin-sharp gatsby-transformer-sharp gatsby-image

PATH: 
  C:\Users\tobiy\bin;C:\Program Files\Git\mingw64\bin;C:\Program Files\Git\usr\local\bin;C:\Program Files\Git\usr\bin;C:\Program Files\Git\usr\bin;C:\Program Files\Git\mingw64\bin;C:\Program Files\Git\usr\bin;C:\Users\tobiy\bin;C:\Program Files (x86)\Common Files\Oracle\Java\javapath;C:\Program Files (x86)\NVIDIA Corporation\PhysX\Common;C:\Python39\Scripts;C:\Python39;C:\Program Files (x86)\Common Files\Intel\Shared Libraries\redist\intel64\compiler;C:\WINDOWS\system32;C:\WINDOWS;C:\WINDOWS\System32\Wbem;C:\WINDOWS\System32\WindowsPowerShell\v1.0;C:\WINDOWS\System32\OpenSSH;C:\Program Files\Git\cmd;C:\Program Files\nodejs;C:\ProgramData\chocolatey\bin;C:\Program Files\PostgreSQL\13\bin;C:\Program Files\PuTTY;C:\Users\tobiy\AppData\Local\Microsoft\WindowsApps;C:\Users\tobiy\AppData\Local\Programs\Microsoft VS Code\bin;C:\Users\tobiy\AppData\Roaming\npm;C:\Program Files\Git\usr\bin\vendor_perl;C:\Program Files\Git\usr\bin\core_perl

Yarn version: 
  1.22.10

Node version: 
  14.17.0

Platform: 
  win32 x64

Trace: 
  Error: EPERM: operation not permitted, unlink 'C:\React\tobiaselis\node_modules\sharp\build\Release\libvips-cpp.dll'

npm manifest: 
  {
    "name": "tobiaselis",
    "version": "1.0.0",
    "private": true,
    "description": "tobiaselis",
    "author": "Tobias Johansson",
    "keywords": [
      "gatsby"
    ],
    "scripts": {
      "develop": "gatsby develop",
      "start": "gatsby develop",
      "build": "gatsby build",
      "serve": "gatsby serve",
      "clean": "gatsby clean"
    },
    "dependencies": {
      "babel-plugin-styled-components": "^1.13.2",
      "gatsby": "^3.13.1",
      "gatsby-plugin-image": "^1.14.0",
      "gatsby-plugin-manifest": "^3.14.0",
      "gatsby-plugin-react-helmet": "^4.14.0",
      "gatsby-plugin-sharp": "^3.14.0",
      "gatsby-plugin-sitemap": "^4.10.0",
      "gatsby-plugin-styled-components": "^4.14.0",
      "gatsby-source-filesystem": "^3.14.0",
      "gatsby-transformer-sharp": "^3.14.0",
      "react": "^17.0.1",
      "react-dom": "^17.0.1",
      "react-helmet": "^6.1.0",
      "react-icons": "^4.2.0",
      "styled-components": "^5.3.1"
    }
  }

yarn manifest: 
  No manifest

Lockfile: 
  No lockfile
